Log file open, 10/15/18 20:30:08
LogWindows: Failed to load 'aqProf.dll' (GetLastError=126)
LogWindows: File 'aqProf.dll' does not exist
LogWindows: Failed to load 'VSPerf140.dll' (GetLastError=126)
LogWindows: File 'VSPerf140.dll' does not exist
LogWindows: Failed to load 'VtuneApi.dll' (GetLastError=126)
LogWindows: File 'VtuneApi.dll' does not exist
LogWindows: Failed to load 'VtuneApi32e.dll' (GetLastError=126)
LogWindows: File 'VtuneApi32e.dll' does not exist
LogInit: Display: Running engine for game: udemyCourseUE
LogPlatformFile: Not using cached read wrapper
LogTaskGraph: Started task graph with 5 named threads and 23 total threads with 3 sets of task threads.
LogStats: Stats thread started at 0.289108
LogD3D11RHI: Loaded GFSDK_Aftermath_Lib.x64.dll
LogICUInternationalization: Display: ICU TimeZone Detection - Raw Offset: +0:00, Platform Override: ''
LogPluginManager: Mounting plugin Paper2D
LogPluginManager: Mounting plugin AISupport
LogPluginManager: Mounting plugin LightPropagationVolume
LogPluginManager: Mounting plugin CLionSourceCodeAccess
LogPluginManager: Mounting plugin CodeLiteSourceCodeAccess
LogPluginManager: Mounting plugin GitSourceControl
LogPluginManager: Mounting plugin KDevelopSourceCodeAccess
LogPluginManager: Mounting plugin NullSourceCodeAccess
LogPluginManager: Mounting plugin PerforceSourceControl
LogPluginManager: Mounting plugin SubversionSourceControl
LogPluginManager: Mounting plugin UObjectPlugin
LogPluginManager: Mounting plugin VisualStudioCodeSourceCodeAccess
LogPluginManager: Mounting plugin VisualStudioSourceCodeAccess
LogPluginManager: Mounting plugin XCodeSourceCodeAccess
LogPluginManager: Mounting plugin AssetManagerEditor
LogPluginManager: Mounting plugin CryptoKeys
LogPluginManager: Mounting plugin DataValidation
LogPluginManager: Mounting plugin FacialAnimation
LogPluginManager: Mounting plugin GameplayTagsEditor
LogPluginManager: Mounting plugin MacGraphicsSwitching
LogPluginManager: Mounting plugin MeshEditor
LogPluginManager: Mounting plugin MobileLauncherProfileWizard
LogPluginManager: Mounting plugin PluginBrowser
LogPluginManager: Mounting plugin SpeedTreeImporter
LogPluginManager: Mounting plugin DatasmithContent
LogPluginManager: Mounting plugin AlembicImporter
LogPluginManager: Mounting plugin AppleImageUtils
LogPluginManager: Mounting plugin AppleVision
LogPluginManager: Mounting plugin BackChannel
LogPluginManager: Mounting plugin CharacterAI
LogPluginManager: Mounting plugin GeometryCache
LogPluginManager: Mounting plugin HTML5Networking
LogPluginManager: Mounting plugin ProxyLODPlugin
LogPluginManager: Mounting plugin MagicLeap
LogPluginManager: Mounting plugin MagicLeapEmulator
LogPluginManager: Mounting plugin MagicLeapMedia
LogPluginManager: Mounting plugin AndroidMedia
LogPluginManager: Mounting plugin AvfMedia
LogPluginManager: Mounting plugin ImgMedia
LogPluginManager: Mounting plugin LinearTimecode
LogPluginManager: Mounting plugin MediaCompositing
LogPluginManager: Mounting plugin MediaPlayerEditor
LogPluginManager: Mounting plugin WmfMedia
LogPluginManager: Mounting plugin TcpMessaging
LogPluginManager: Mounting plugin UdpMessaging
LogPluginManager: Mounting plugin ActorSequence
LogPluginManager: Mounting plugin LevelSequenceEditor
LogPluginManager: Mounting plugin MatineeToLevelSequence
LogPluginManager: Mounting plugin NetcodeUnitTest
LogPluginManager: Mounting plugin NUTUnrealEngine4
LogPluginManager: Mounting plugin OnlineSubsystemGooglePlay
LogPluginManager: Mounting plugin OnlineSubsystemIOS
LogPluginManager: Mounting plugin OnlineSubsystem
LogPluginManager: Mounting plugin OnlineSubsystemNull
LogPluginManager: Mounting plugin OnlineSubsystemUtils
LogPluginManager: Mounting plugin LauncherChunkInstaller
LogPluginManager: Mounting plugin AndroidDeviceProfileSelector
LogPluginManager: Mounting plugin AndroidMoviePlayer
LogPluginManager: Mounting plugin AndroidPermission
LogPluginManager: Mounting plugin AppleMoviePlayer
LogPluginManager: Mounting plugin ArchVisCharacter
LogPluginManager: Mounting plugin AudioCapture
LogPluginManager: Mounting plugin CableComponent
LogPluginManager: Mounting plugin CustomMeshComponent
LogPluginManager: Mounting plugin EditableMesh
LogPluginManager: Mounting plugin ExampleDeviceProfileSelector
LogPluginManager: Mounting plugin GoogleCloudMessaging
LogPluginManager: Mounting plugin ImmediatePhysics
LogPluginManager: Mounting plugin IOSDeviceProfileSelector
LogPluginManager: Mounting plugin LinuxDeviceProfileSelector
LogPluginManager: Mounting plugin LocationServicesBPLibrary
LogPluginManager: Mounting plugin MobilePatchingUtils
LogPluginManager: Mounting plugin OculusVR
LogPluginManager: Plugin shader directory ../../../Engine/Plugins/Runtime/Oculus/OculusVR/Shaders found
LogPluginManager: Mapping shader source directory ../../../Engine/Plugins/Runtime/Oculus/OculusVR/Shaders to virtual directory /Plugin/OculusVR
LogPluginManager: Mounting plugin PhysXVehicles
LogPluginManager: Mounting plugin ProceduralMeshComponent
LogPluginManager: Mounting plugin RuntimePhysXCooking
LogPluginManager: Mounting plugin SteamVR
LogPluginManager: Mounting plugin WindowsMoviePlayer
LogStreaming: Display: Took  0.132s to configure plugins.
LogInit: Using libcurl 7.55.1-DEV
LogInit:  - built for x86_64-pc-win32
LogInit:  - supports SSL with OpenSSL/1.0.2h
LogInit:  - supports HTTP deflate (compression) using libz 1.2.8
LogInit:  - other features:
LogInit:      CURL_VERSION_SSL
LogInit:      CURL_VERSION_LIBZ
LogInit:      CURL_VERSION_IPV6
LogInit:      CURL_VERSION_ASYNCHDNS
LogInit:      CURL_VERSION_LARGEFILE
LogInit:      CURL_VERSION_IDN
LogInit:  CurlRequestOptions (configurable via config and command line):
LogInit:  - bVerifyPeer = false  - Libcurl will NOT verify peer certificate
LogInit:  - bUseHttpProxy = false  - Libcurl will NOT use HTTP proxy
LogInit:  - bDontReuseConnections = false  - Libcurl will reuse connections
LogInit:  - CertBundlePath = nullptr  - Libcurl will use whatever was configured at build time.
LogInit:  - MaxHostConnections = 16  - Libcurl will limit the number of connections to a host
LogInit:  - LocalHostAddr = Default
LogInit:  - BufferSize = 65536
LogInit: WinSock: version 1.1 (2.2), MaxSocks=32767, MaxUdp=65467
LogInit: Build: ++UE4+Release-4.20-CL-4369336
LogInit: Engine Version: 4.20.3-4369336+++UE4+Release-4.20
LogInit: Compatible Engine Version: 4.20.0-4212847+++UE4+Release-4.20
LogInit: Net CL: 4212847
LogInit: OS: Windows 10 (), CPU: Intel(R) Core(TM) i7-7700HQ CPU @ 2.80GHz, GPU: Intel(R) HD Graphics 630
LogInit: Compiled (64-bit): Sep 17 2018 12:26:19
LogInit: Compiled with Visual C++: 19.13.26129.00
LogInit: Build Configuration: Development
LogInit: Branch Name: ++UE4+Release-4.20
LogInit: Command Line: -EpicPortal 
LogInit: Base Directory: C:/Program Files/Epic Games/UE_4.20/Engine/Binaries/Win64/
LogInit: Installed Engine Build: 1
LogDevObjectVersion: Number of dev versions registered: 20
LogDevObjectVersion:   Dev-Blueprints (B0D832E4-1F89-4F0D-ACCF-7EB736FD4AA2): 10
LogDevObjectVersion:   Dev-Build (E1C64328-A22C-4D53-A36C-8E866417BD8C): 0
LogDevObjectVersion:   Dev-Core (375EC13C-06E4-48FB-B500-84F0262A717E): 2
LogDevObjectVersion:   Dev-Editor (E4B068ED-F494-42E9-A231-DA0B2E46BB41): 24
LogDevObjectVersion:   Dev-Framework (CFFC743F-43B0-4480-9391-14DF171D2073): 34
LogDevObjectVersion:   Dev-Mobile (B02B49B5-BB20-44E9-A304-32B752E40360): 2
LogDevObjectVersion:   Dev-Networking (A4E4105C-59A1-49B5-A7C5-40C4547EDFEE): 0
LogDevObjectVersion:   Dev-Online (39C831C9-5AE6-47DC-9A44-9C173E1C8E7C): 0
LogDevObjectVersion:   Dev-Physics (78F01B33-EBEA-4F98-B9B4-84EACCB95AA2): 0
LogDevObjectVersion:   Dev-Platform (6631380F-2D4D-43E0-8009-CF276956A95A): 0
LogDevObjectVersion:   Dev-Rendering (12F88B9F-8875-4AFC-A67C-D90C383ABD29): 26
LogDevObjectVersion:   Dev-Sequencer (7B5AE74C-D270-4C10-A958-57980B212A5A): 9
LogDevObjectVersion:   Dev-VR (D7296918-1DD6-4BDD-9DE2-64A83CC13884): 2
LogDevObjectVersion:   Dev-LoadTimes (C2A15278-BFE7-4AFE-6C17-90FF531DF755): 1
LogDevObjectVersion:   Private-Geometry (6EACA3D4-40EC-4CC1-B786-8BED09428FC5): 3
LogDevObjectVersion:   Dev-AnimPhys (29E575DD-E0A3-4627-9D10-D276232CDCEA): 17
LogDevObjectVersion:   Dev-ReflectionCapture (6B266CEC-1EC7-4B8F-A30B-E4D90942FC07): 1
LogDevObjectVersion:   Dev-Automation (0DF73D61-A23F-47EA-B727-89E90C41499A): 1
LogDevObjectVersion:   FortniteMain (601D1886-AC64-4F84-AA16-D3DE0DEAC7D6): 12
LogDevObjectVersion:   Dev-Enterprise (9DFFBCD6-494F-0158-E221-12823C92A888): 1
LogStreaming: Display: Took  0.000s to delete old logs.
LogInit: Presizing for max 8388607 objects, including 0 objects not considered by GC, pre-allocating 0 bytes for permanent pool.
LogInit: Object subsystem initialized
[2018.10.15-19.30.09:327][  0]LogInit: Selected Device Profile: [Windows]
[2018.10.15-19.30.09:327][  0]LogInit: Applying CVar settings loaded from the selected device profile: [Windows]
[2018.10.15-19.30.09:346][  0]LogHAL: Display: Platform has ~ 16 GB [17033236480 / 17179869184 / 16], which maps to Larger [LargestMinGB=32, LargerMinGB=12, DefaultMinGB=8, SmallerMinGB=6, SmallestMinGB=0)
[2018.10.15-19.30.09:347][  0]LogInit: Setting Device Profile CVar: [[r.Vulkan.UseRealUBs:1]]
[2018.10.15-19.30.09:347][  0]LogInit: Going up to parent DeviceProfile []
[2018.10.15-19.30.09:347][  0]LogInit: Computer: LAPTOP-TAS2DI29
[2018.10.15-19.30.09:347][  0]LogInit: User: dgomez
[2018.10.15-19.30.09:347][  0]LogInit: CPU Page size=4096, Cores=4
[2018.10.15-19.30.09:347][  0]LogInit: High frequency timer resolution =2.742190 MHz
[2018.10.15-19.30.09:348][  0]LogMemory: Memory total: Physical=15.9GB (16GB approx)
[2018.10.15-19.30.09:348][  0]LogMemory: Platform Memory Stats for Windows
[2018.10.15-19.30.09:348][  0]LogMemory: Process Physical Memory: 101.20 MB used, 101.20 MB peak
[2018.10.15-19.30.09:348][  0]LogMemory: Process Virtual Memory: 90.71 MB used, 90.71 MB peak
[2018.10.15-19.30.09:348][  0]LogMemory: Physical Memory: 7583.46 MB used,  8660.70 MB free, 16244.16 MB total
[2018.10.15-19.30.09:348][  0]LogMemory: Virtual Memory: 533.89 MB used,  8660.70 MB free, 134217728.00 MB total
[2018.10.15-19.30.09:381][  0]LogInit: Using OS detected language (en-US).
[2018.10.15-19.30.09:381][  0]LogInit: Using OS detected locale (en-GB).
[2018.10.15-19.30.09:382][  0]LogTextLocalizationManager: No specific localization for 'en-US' exists, so the 'en' localization will be used.
[2018.10.15-19.30.09:803][  0]LogStreaming: Display: Took  0.421s to InitEngineTextLocalization.
[2018.10.15-19.30.09:803][  0]LogInit: Setting process to per monitor DPI aware
[2018.10.15-19.30.09:847][  0]LogSlate: New Slate User Created.  User Index 0, Is Virtual User: 0
[2018.10.15-19.30.09:847][  0]LogSlate: Slate User Registered.  User Index 0, Is Virtual User: 0
[2018.10.15-19.30.10:122][  0]LogHMD: Failed to initialize OpenVR with code 110
[2018.10.15-19.30.10:122][  0]LogD3D11RHI: D3D11 adapters:
[2018.10.15-19.30.10:193][  0]LogD3D11RHI:    0. 'NVIDIA GeForce GTX 1060' (Feature Level 11_0)
[2018.10.15-19.30.10:193][  0]LogD3D11RHI:       6046/0/8122 MB DedicatedVideo/DedicatedSystem/SharedSystem, Outputs:1, VendorId:0x10de
[2018.10.15-19.30.10:204][  0]LogD3D11RHI:    1. 'Intel(R) HD Graphics 630' (Feature Level 11_0)
[2018.10.15-19.30.10:204][  0]LogD3D11RHI:       128/0/8122 MB DedicatedVideo/DedicatedSystem/SharedSystem, Outputs:0, VendorId:0x8086
[2018.10.15-19.30.10:206][  0]LogD3D11RHI:    2. 'Microsoft Basic Render Driver' (Feature Level 11_0)
[2018.10.15-19.30.10:207][  0]LogD3D11RHI:       0/0/8122 MB DedicatedVideo/DedicatedSystem/SharedSystem, Outputs:0, VendorId:0x1414
[2018.10.15-19.30.10:207][  0]LogD3D11RHI: Chosen D3D11 Adapter: 0
[2018.10.15-19.30.10:214][  0]LogD3D11RHI: Creating new Direct3DDevice
[2018.10.15-19.30.10:214][  0]LogD3D11RHI:     GPU DeviceId: 0x1c20 (for the marketing name, search the web for "GPU Device Id")
[2018.10.15-19.30.10:214][  0]LogWindows: EnumDisplayDevices:
[2018.10.15-19.30.10:215][  0]LogWindows:    0. 'Intel(R) HD Graphics 630' (P:1 D:1)
[2018.10.15-19.30.10:215][  0]LogWindows:    1. 'Intel(R) HD Graphics 630' (P:0 D:0)
[2018.10.15-19.30.10:216][  0]LogWindows:    2. 'Intel(R) HD Graphics 630' (P:0 D:0)
[2018.10.15-19.30.10:216][  0]LogWindows:    3. 'NVIDIA GeForce GTX 1060' (P:0 D:0)
[2018.10.15-19.30.10:216][  0]LogWindows:    4. 'NVIDIA GeForce GTX 1060' (P:0 D:0)
[2018.10.15-19.30.10:216][  0]LogWindows:    5. 'NVIDIA GeForce GTX 1060' (P:0 D:0)
[2018.10.15-19.30.10:216][  0]LogWindows:    6. 'NVIDIA GeForce GTX 1060' (P:0 D:0)
[2018.10.15-19.30.10:217][  0]LogWindows: DebugString: PrimaryIsNotTheChoosenAdapter PrimaryIsNotTheChoosenAdapter PrimaryIsNotTheChoosenAdapter FoundDriverCount:4 
[2018.10.15-19.30.10:217][  0]LogD3D11RHI:     Adapter Name: NVIDIA GeForce GTX 1060
[2018.10.15-19.30.10:217][  0]LogD3D11RHI:   Driver Version: 385.54 (internal:22.21.13.8554, unified:385.54)
[2018.10.15-19.30.10:217][  0]LogD3D11RHI:      Driver Date: 9-1-2017
[2018.10.15-19.30.10:217][  0]LogRHI: Texture pool is 4232 MB (70% of 6046 MB)
[2018.10.15-19.30.10:246][  0]LogD3D11RHI: Async texture creation enabled
[2018.10.15-19.30.10:258][  0]LogD3D11RHI: GPU Timing Frequency: 1000.000000 (Debug: 2 1)
[2018.10.15-19.30.10:260][  0]LogShaderCompilers: Guid format shader working directory is -16 characters bigger than the processId version (E:/workspace/unreal-projects/blueprints/tutorials/udemyCourseUE/Intermediate/Shaders/WorkingDirectory/7688/).
[2018.10.15-19.30.10:260][  0]LogShaderCompilers: Cleaned the shader compiler working directory 'C:/Users/dgomez/AppData/Local/Temp/UnrealShaderWorkingDir/AC16FA9F46DB78081AAF519B65FC7342/'.
[2018.10.15-19.30.10:588][  0]LogTemp: Display: Loaded TP AllDesktopTargetPlatform
[2018.10.15-19.30.10:611][  0]LogTemp: Display: Loaded TP MacClientTargetPlatform
[2018.10.15-19.30.10:627][  0]LogTemp: Display: Loaded TP MacNoEditorTargetPlatform
[2018.10.15-19.30.10:642][  0]LogTemp: Display: Loaded TP MacServerTargetPlatform
[2018.10.15-19.30.10:658][  0]LogTemp: Display: Loaded TP MacTargetPlatform
[2018.10.15-19.30.10:672][  0]LogTemp: Display: Loaded TP WindowsClientTargetPlatform
[2018.10.15-19.30.10:685][  0]LogTemp: Display: Loaded TP WindowsNoEditorTargetPlatform
[2018.10.15-19.30.10:700][  0]LogTemp: Display: Loaded TP WindowsServerTargetPlatform
[2018.10.15-19.30.10:708][  0]LogTemp: Display: Loaded TP WindowsTargetPlatform
[2018.10.15-19.30.10:792][  0]LogTemp: Display: Loaded TP AndroidTargetPlatform
[2018.10.15-19.30.10:792][  0]LogTemp: Display: Loaded TP AndroidTargetPlatform
[2018.10.15-19.30.10:792][  0]LogTemp: Display: Loaded TP AndroidTargetPlatform
[2018.10.15-19.30.10:792][  0]LogTemp: Display: Loaded TP AndroidTargetPlatform
[2018.10.15-19.30.10:792][  0]LogTemp: Display: Loaded TP AndroidTargetPlatform
[2018.10.15-19.30.10:792][  0]LogTemp: Display: Loaded TP AndroidTargetPlatform
[2018.10.15-19.30.10:792][  0]LogTemp: Display: Loaded TP AndroidTargetPlatform
[2018.10.15-19.30.10:792][  0]LogTemp: Display: Loaded TP AndroidTargetPlatform
[2018.10.15-19.30.10:792][  0]LogTemp: Display: Loaded TP AndroidTargetPlatform
[2018.10.15-19.30.10:792][  0]LogTemp: Display: Loaded TP AndroidTargetPlatform
[2018.10.15-19.30.10:792][  0]LogTemp: Display: Loaded TP AndroidTargetPlatform
[2018.10.15-19.30.10:792][  0]LogTemp: Display: Loaded TP AndroidTargetPlatform
[2018.10.15-19.30.10:792][  0]LogTemp: Display: Loaded TP AndroidTargetPlatform
[2018.10.15-19.30.10:792][  0]LogTemp: Display: Loaded TP AndroidTargetPlatform
[2018.10.15-19.30.10:792][  0]LogTemp: Display: Loaded TP AndroidTargetPlatform
[2018.10.15-19.30.10:792][  0]LogTemp: Display: Loaded TP AndroidTargetPlatform
[2018.10.15-19.30.10:792][  0]LogTemp: Display: Loaded TP AndroidTargetPlatform
[2018.10.15-19.30.10:792][  0]LogTemp: Display: Loaded TP AndroidTargetPlatform
[2018.10.15-19.30.10:794][  0]LogTemp: Display: Loaded TP HTML5TargetPlatform
[2018.10.15-19.30.10:855][  0]LogTemp: Display: Loaded TP IOSTargetPlatform
[2018.10.15-19.30.10:855][  0]LogTemp: Display: Loaded TP IOSTargetPlatform
[2018.10.15-19.30.10:892][  0]LogTemp: Display: Loaded TP TVOSTargetPlatform
[2018.10.15-19.30.10:892][  0]LogTemp: Display: Loaded TP TVOSTargetPlatform
[2018.10.15-19.30.10:908][  0]LogTemp: Display: Loaded TP LinuxClientTargetPlatform
[2018.10.15-19.30.10:920][  0]LogTemp: Display: Loaded TP LinuxNoEditorTargetPlatform
[2018.10.15-19.30.10:934][  0]LogTemp: Display: Loaded TP LinuxServerTargetPlatform
[2018.10.15-19.30.10:948][  0]LogTemp: Display: Loaded TP LinuxTargetPlatform
[2018.10.15-19.30.10:957][  0]LogTemp: Display: Loaded TP LuminTargetPlatform
[2018.10.15-19.30.10:957][  0]LogTargetPlatformManager: Display: Building Assets For Windows
[2018.10.15-19.30.11:027][  0]LogXGEController: Cannot use XGE Controller as Incredibuild is not installed on this machine.
[2018.10.15-19.30.11:027][  0]LogShaderCompilers: Cannot use XGE Shader Compiler as Incredibuild is not installed on this machine.
[2018.10.15-19.30.11:027][  0]LogShaderCompilers: Display: Using Local Shader Compiler.
[2018.10.15-19.30.11:905][  0]LogDerivedDataCache: Display: Max Cache Size: 512 MB
[2018.10.15-19.30.11:964][  0]LogDerivedDataCache: Loaded boot cache 0.06s 71MB C:/Users/dgomez/AppData/Local/UnrealEngine/4.20/DerivedDataCache/Boot.ddc.
[2018.10.15-19.30.11:965][  0]LogDerivedDataCache: Display: Loaded Boot cache: C:/Users/dgomez/AppData/Local/UnrealEngine/4.20/DerivedDataCache/Boot.ddc
[2018.10.15-19.30.11:965][  0]LogDerivedDataCache: FDerivedDataBackendGraph:  Pak pak cache file E:/workspace/unreal-projects/blueprints/tutorials/udemyCourseUE/DerivedDataCache/DDC.ddp not found, will not use a pak cache.
[2018.10.15-19.30.11:965][  0]LogDerivedDataCache: Unable to find inner node Pak for hierarchical cache Hierarchy.
[2018.10.15-19.30.11:965][  0]LogDerivedDataCache: FDerivedDataBackendGraph:  CompressedPak pak cache file E:/workspace/unreal-projects/blueprints/tutorials/udemyCourseUE/DerivedDataCache/Compressed.ddp not found, will not use a pak cache.
[2018.10.15-19.30.11:965][  0]LogDerivedDataCache: Unable to find inner node CompressedPak for hierarchical cache Hierarchy.
[2018.10.15-19.30.11:979][  0]LogDerivedDataCache: Display: Pak cache opened for reading ../../../Engine/DerivedDataCache/Compressed.ddp.
[2018.10.15-19.30.11:992][  0]LogDerivedDataCache: Using Local data cache path C:/Users/dgomez/AppData/Local/UnrealEngine/Common/DerivedDataCache: Writable
[2018.10.15-19.30.11:992][  0]LogDerivedDataCache: Shared data cache path not found in *engine.ini, will not use an Shared cache.
[2018.10.15-19.30.11:992][  0]LogDerivedDataCache: Unable to find inner node Shared for hierarchical cache Hierarchy.
[2018.10.15-19.30.12:011][  0]LogMaterial: Verifying Global Shaders for PCD3D_SM5
[2018.10.15-19.30.12:013][  0]LogSlate: Using FreeType 2.6.0
[2018.10.15-19.30.12:013][  0]LogSlate: SlateFontServices - WITH_FREETYPE: 1, WITH_HARFBUZZ: 1
[2018.10.15-19.30.12:131][  0]LogAssetRegistry: FAssetRegistry took 0.0261 seconds to start up
[2018.10.15-19.30.12:523][  0]LogInit: Selected Device Profile: [Windows]
[2018.10.15-19.30.12:688][  0]LogSimplygon: Simplygon DLL not present - disabling.
[2018.10.15-19.30.12:695][  0]LogMeshReduction: Using SimplygonSwarm for distributed automatic mesh merging
[2018.10.15-19.30.12:695][  0]LogMeshReduction: Using ProxyLODMeshReduction for automatic mesh merging
[2018.10.15-19.30.12:695][  0]LogMeshReduction: Using QuadricMeshReduction for automatic static mesh reduction
[2018.10.15-19.30.12:695][  0]LogMeshReduction: No automatic skeletal mesh reduction module available
[2018.10.15-19.30.12:712][  0]LogNetVersion: udemyCourseUE 1.0.0, NetCL: 4212847, EngineNetVer: 5, GameNetVer: 0 (Checksum: 1629570791)
[2018.10.15-19.30.13:276][  0]LogPackageLocalizationCache: Processed 11 localized package path(s) for 2 prioritized culture(s) in 0.108478 seconds
[2018.10.15-19.30.13:282][  0]LogUObjectArray: 38425 objects as part of root set at end of initial load.
[2018.10.15-19.30.13:282][  0]LogUObjectAllocator: 6690864 out of 0 bytes used by permanent object pool.
[2018.10.15-19.30.13:282][  0]LogUObjectArray: CloseDisregardForGC: 0/0 objects in disregard for GC pool
[2018.10.15-19.30.14:321][  0]LogTcpMessaging: Initializing TcpMessaging bridge
[2018.10.15-19.30.14:343][  0]LogUdpMessaging: Initializing bridge on interface 0.0.0.0:0 to multicast group 230.0.0.1:6666.
[2018.10.15-19.30.14:495][  0]SourceControl: Source control is disabled
[2018.10.15-19.30.14:495][  0]SourceControl: Source control is disabled
[2018.10.15-19.30.14:497][  0]SourceControl: Source control is disabled
[2018.10.15-19.30.14:498][  0]SourceControl: Source control is disabled
[2018.10.15-19.30.14:699][  0]LogAndroidPermission: UAndroidPermissionCallbackProxy::GetInstance
[2018.10.15-19.30.14:777][  0]LogOcInput: OculusInput pre-init called
[2018.10.15-19.30.14:841][  0]LogEngine: Initializing Engine...
[2018.10.15-19.30.14:842][  0]LogHMD: Failed to initialize OpenVR with code 110
[2018.10.15-19.30.14:843][  0]LogStats: UGameplayTagsManager::ConstructGameplayTagTree: ImportINI prefixes -  0.000 s
[2018.10.15-19.30.14:843][  0]LogStats: UGameplayTagsManager::ConstructGameplayTagTree: Construct from data asset -  0.000 s
[2018.10.15-19.30.14:843][  0]LogStats: UGameplayTagsManager::ConstructGameplayTagTree: ImportINI -  0.000 s
[2018.10.15-19.30.14:843][  0]LogStats: UGameplayTagsManager::ConstructGameplayTagTree: GameplayTagTreeChangedEvent.Broadcast -  0.000 s
[2018.10.15-19.30.15:079][  0]LogInit: Initializing FReadOnlyCVARCache
[2018.10.15-19.30.15:094][  0]LogAIModule: Creating AISystem for world Untitled
[2018.10.15-19.30.15:102][  0]LogInit: XAudio2 using 'Audífono de los auriculares con micrófono (3- Razer Kraken 7.1 Chroma)' : 2 channels at 48 kHz using 16 bits per sample (channel mask 0x3)
[2018.10.15-19.30.15:115][  0]LogInit: FAudioDevice initialized.
[2018.10.15-19.30.15:115][  0]LogNetVersion: Set ProjectVersion to 1.0.0.0. Version Checksum will be recalculated on next use.
[2018.10.15-19.30.15:172][  0]LogDerivedDataCache: Saved boot cache 0.06s 71MB C:/Users/dgomez/AppData/Local/UnrealEngine/4.20/DerivedDataCache/Boot.ddc.
[2018.10.15-19.30.15:173][  0]LogInit: Texture streaming: Enabled
[2018.10.15-19.30.15:192][  0]LogEngineSessionManager: EngineSessionManager initialized
[2018.10.15-19.30.15:209][  0]LogInit: Transaction tracking system initialized
[2018.10.15-19.30.15:235][  0]BlueprintLog: New page: Editor Load
[2018.10.15-19.30.15:414][  0]LocalizationService: Localization service is disabled
[2018.10.15-19.30.15:722][  0]LogFileCache: Scanning file cache for directory 'E:/workspace/unreal-projects/blueprints/tutorials/udemyCourseUE/Content/' took 0.01s
[2018.10.15-19.30.15:722][  0]LogCook: Display: Max memory allowance for cook 16384mb min free memory 0mb
[2018.10.15-19.30.15:722][  0]LogCook: Display: Mobile HDR setting 1
[2018.10.15-19.30.15:722][  0]LogGameplayTags: Display: UGameplayTagsManager::DoneAddingNativeTags. DelegateIsBound: 0
[2018.10.15-19.30.15:723][  0]LogStats: UGameplayTagsManager::ConstructGameplayTagTree: ImportINI prefixes -  0.000 s
[2018.10.15-19.30.15:723][  0]LogStats: UGameplayTagsManager::ConstructGameplayTagTree: Construct from data asset -  0.000 s
[2018.10.15-19.30.15:723][  0]LogStats: UGameplayTagsManager::ConstructGameplayTagTree: ImportINI -  0.000 s
[2018.10.15-19.30.15:723][  0]LogStats: UGameplayTagsManager::ConstructGameplayTagTree: GameplayTagTreeChangedEvent.Broadcast -  0.000 s
[2018.10.15-19.30.15:867][  0]SourceControl: Source control is disabled
[2018.10.15-19.30.15:867][  0]Cmd: MAP LOAD FILE="../../../Engine/Content/Maps/Templates/Template_Default.umap" TEMPLATE=1 SHOWPROGRESS=1 FEATURELEVEL=3
[2018.10.15-19.30.15:867][  0]LightingResults: New page: Lighting Build
[2018.10.15-19.30.15:871][  0]MapCheck: New page: Map Check
[2018.10.15-19.30.15:871][  0]LightingResults: New page: Lighting Build
[2018.10.15-19.30.16:090][  0]LogAIModule: Creating AISystem for world Untitled_1
[2018.10.15-19.30.16:096][  0]LogEditorServer: Finished looking for orphan Actors (0.000 secs)
[2018.10.15-19.30.16:122][  0]Cmd: MAP CHECKDEP NOCLEARLOG
[2018.10.15-19.30.16:210][  0]MapCheck: Map check complete: 0 Error(s), 0 Warning(s), took 88.534ms to complete.
[2018.10.15-19.30.16:210][  0]LogFileHelpers: Loading map 'Template_Default' took 0.343
[2018.10.15-19.30.16:315][  0]LogSlate: Updating window title bar state: overlay mode, drag disabled, window buttons hidden, title bar hidden
[2018.10.15-19.30.16:323][  0]LogSlate: Updating window title bar state: overlay mode, drag disabled, window buttons hidden, title bar hidden
[2018.10.15-19.30.16:329][  0]LogSlate: Updating window title bar state: overlay mode, drag disabled, window buttons hidden, title bar hidden
[2018.10.15-19.30.16:336][  0]LogSlate: Updating window title bar state: overlay mode, drag disabled, window buttons hidden, title bar hidden
[2018.10.15-19.30.16:344][  0]LogCollectionManager: Loaded 0 collections in 0.001850 seconds
[2018.10.15-19.30.16:389][  0]LogFileCache: Scanning file cache for directory 'E:/workspace/unreal-projects/blueprints/tutorials/udemyCourseUE/Saved/Collections/' took 0.01s
[2018.10.15-19.30.16:389][  0]LogFileCache: Scanning file cache for directory 'E:/workspace/unreal-projects/blueprints/tutorials/udemyCourseUE/Content/Developers/dgomez/Collections/' took 0.01s
[2018.10.15-19.30.16:389][  0]LogFileCache: Scanning file cache for directory 'E:/workspace/unreal-projects/blueprints/tutorials/udemyCourseUE/Content/Collections/' took 0.01s
[2018.10.15-19.30.16:389][  0]LogCollectionManager: Rebuilt the GUID cache for 0 collections in 0.000000 seconds
[2018.10.15-19.30.16:398][  0]LogContentBrowser: Native class hierarchy populated in 0.0088 seconds. Added 2572 classes and 603 folders.
[2018.10.15-19.30.16:406][  0]LogContentBrowser: Native class hierarchy updated for 'WidgetCarousel' in 0.0004 seconds. Added 0 classes and 0 folders.
[2018.10.15-19.30.16:467][  0]LogContentBrowser: Native class hierarchy updated for 'AddContentDialog' in 0.0003 seconds. Added 0 classes and 0 folders.
[2018.10.15-19.30.16:472][  0]LogContentBrowser: Native class hierarchy updated for 'SceneOutliner' in 0.0003 seconds. Added 1 classes and 2 folders.
[2018.10.15-19.30.16:491][  0]LogSlate: Took 0.000611 seconds to synchronously load lazily loaded font '../../../Engine/Content/Slate/Fonts/Roboto-Regular.ttf' (155K)
[2018.10.15-19.30.16:496][  0]LogSlate: Took 0.000587 seconds to synchronously load lazily loaded font '../../../Engine/Content/Slate/Fonts/Roboto-Bold.ttf' (160K)
[2018.10.15-19.30.16:506][  0]LogSlate: Took 0.000560 seconds to synchronously load lazily loaded font '../../../Engine/Content/Editor/Slate/Fonts/FontAwesome.ttf' (139K)
[2018.10.15-19.30.16:594][  0]LogRenderer: Reallocating scene render targets to support 964x440 Format 10 NumSamples 1 (Frame:1).
[2018.10.15-19.30.16:719][  0]LogContentBrowser: Native class hierarchy updated for 'HierarchicalLODOutliner' in 0.0003 seconds. Added 0 classes and 0 folders.
[2018.10.15-19.30.16:719][  0]LogLoad: (Engine Initialization) Total time: 9.70 seconds
[2018.10.15-19.30.16:719][  0]LogLoad: (Engine Initialization) Total Blueprint compile time: 0.00 seconds
[2018.10.15-19.30.16:739][  0]LogWindowsTextInputMethodSystem: Display: IME system now deactivated.
[2018.10.15-19.30.16:763][  0]LogContentStreaming: Texture pool size now 1000 MB
[2018.10.15-19.30.16:840][  1]LogAssetRegistry: Asset discovery search completed in 4.7308 seconds
[2018.10.15-19.30.16:841][  1]LogCollectionManager: Rebuilt the object cache for 0 collections in 0.000000 seconds (found 0 objects)
[2018.10.15-19.30.16:841][  1]LogCollectionManager: Fixed up redirectors for 0 collections in 0.000043 seconds (updated 0 objects)
[2018.10.15-19.30.56:875][874]LogSlate: FSceneViewport::OnFocusLost() reason 0
[2018.10.15-19.30.57:033][882]LogRenderer: Reallocating scene render targets to support 964x444 Format 10 NumSamples 1 (Frame:806).
[2018.10.15-19.30.57:088][883]LogRenderer: Reallocating scene render targets to support 964x456 Format 10 NumSamples 1 (Frame:808).
[2018.10.15-19.30.57:134][884]LogRenderer: Reallocating scene render targets to support 964x468 Format 10 NumSamples 1 (Frame:810).
[2018.10.15-19.30.57:179][885]LogRenderer: Reallocating scene render targets to support 964x476 Format 10 NumSamples 1 (Frame:812).
[2018.10.15-19.30.57:222][886]LogRenderer: Reallocating scene render targets to support 964x488 Format 10 NumSamples 1 (Frame:814).
[2018.10.15-19.30.57:261][887]LogRenderer: Reallocating scene render targets to support 964x496 Format 10 NumSamples 1 (Frame:816).
[2018.10.15-19.30.57:299][888]LogRenderer: Reallocating scene render targets to support 964x500 Format 10 NumSamples 1 (Frame:818).
[2018.10.15-19.30.57:342][889]LogRenderer: Reallocating scene render targets to support 964x512 Format 10 NumSamples 1 (Frame:820).
[2018.10.15-19.30.57:385][890]LogRenderer: Reallocating scene render targets to support 964x524 Format 10 NumSamples 1 (Frame:822).
[2018.10.15-19.30.57:432][891]LogRenderer: Reallocating scene render targets to support 964x540 Format 10 NumSamples 1 (Frame:824).
[2018.10.15-19.30.57:476][892]LogRenderer: Reallocating scene render targets to support 964x560 Format 10 NumSamples 1 (Frame:826).
[2018.10.15-19.30.57:521][893]LogRenderer: Reallocating scene render targets to support 964x568 Format 10 NumSamples 1 (Frame:828).
[2018.10.15-19.30.57:562][894]LogRenderer: Reallocating scene render targets to support 964x580 Format 10 NumSamples 1 (Frame:830).
[2018.10.15-19.30.57:605][895]LogRenderer: Reallocating scene render targets to support 964x592 Format 10 NumSamples 1 (Frame:832).
[2018.10.15-19.30.57:645][896]LogRenderer: Reallocating scene render targets to support 964x596 Format 10 NumSamples 1 (Frame:834).
[2018.10.15-19.30.57:687][897]LogRenderer: Reallocating scene render targets to support 964x600 Format 10 NumSamples 1 (Frame:836).
[2018.10.15-19.39.38:081][ 75]LogRenderer: Reallocating scene render targets to support 964x720 Format 10 NumSamples 1 (Frame:2004).
[2018.10.15-19.40.03:757][983]LogRenderer: Reallocating scene render targets to support 1224x720 Format 10 NumSamples 1 (Frame:2730).
[2018.10.15-19.42.19:951][ 54]Cmd: ACTOR SELECT ALL
[2018.10.15-19.42.21:781][163]LogEditorViewport: Clicking on Actor (LMB): StaticMeshActor (Floor)
[2018.10.15-19.42.22:256][189]Cmd: SELECT NONE
[2018.10.15-19.42.42:354][363]LogSlate: FSceneViewport::OnFocusLost() reason 2
[2018.10.15-19.51.12:100][691]LogSlate: FSceneViewport::OnFocusLost() reason 2
[2018.10.15-19.51.18:523][894]LogEditorViewport: Clicking on Actor (LMB): StaticMeshActor (Floor)
[2018.10.15-19.51.23:477][ 12]LogSlate: FSceneViewport::OnFocusLost() reason 2
[2018.10.15-19.51.43:271][183]Cmd: CAMERA ALIGN ACTIVEVIEWPORTONLY
[2018.10.15-19.51.44:371][249]Cmd: CAMERA ALIGN ACTIVEVIEWPORTONLY
[2018.10.15-19.51.44:671][267]Cmd: CAMERA ALIGN ACTIVEVIEWPORTONLY
[2018.10.15-19.51.45:538][319]Cmd: CAMERA ALIGN ACTIVEVIEWPORTONLY
[2018.10.15-19.51.53:223][545]LogSlate: FSceneViewport::OnFocusLost() reason 2
[2018.10.15-19.51.59:758][923]Cmd: TRANSACTION UNDO
[2018.10.15-19.51.59:759][923]LogEditorTransaction: Undo Scale Actors
[2018.10.15-19.51.59:780][923]LogSlate: Took 0.000781 seconds to synchronously load lazily loaded font '../../../Engine/Content/Slate/Fonts/Roboto-Light.ttf' (167K)
[2018.10.15-19.52.04:740][219]Cmd: TRANSACTION UNDO
[2018.10.15-19.52.04:740][219]LogEditorTransaction: Undo Scale Actors
[2018.10.15-19.52.13:733][303]LogSlate: FSceneViewport::OnFocusLost() reason 2
[2018.10.15-19.52.39:484][838]LogSavePackage: Moving 'E:/workspace/unreal-projects/blueprints/tutorials/udemyCourseUE/Saved/Untitled_1_Auto1F403E85B4428C8ACEFA037A82D25BF72.tmp' to 'E:/workspace/unreal-projects/blueprints/tutorials/udemyCourseUE/Saved/Autosaves/Temp/Untitled_1_Auto1.umap'
[2018.10.15-19.52.39:488][838]LogFileHelpers: Editor autosave (incl. sublevels) for '/Temp/Untitled_1' took 0.062
[2018.10.15-19.52.39:488][838]LogFileHelpers: Editor autosave (incl. sublevels) for all levels took 0.062
[2018.10.15-19.53.24:893][265]LogEditorViewport: Clicking on Actor (LMB): BP_Sky_Sphere_C (Sky Sphere)
[2018.10.15-19.53.25:937][326]LogEditorViewport: Clicking on Actor (LMB): BP_Sky_Sphere_C (Sky Sphere)
[2018.10.15-19.53.27:489][418]LogSlate: FSceneViewport::OnFocusLost() reason 0
[2018.10.15-19.53.48:278][452]LogActorFactory: Actor Factory created Cube
[2018.10.15-19.53.49:899][547]LogActorFactory: Actor Factory created Cube
[2018.10.15-19.54.12:042][ 30]LogSlate: FSceneViewport::OnFocusLost() reason 2
[2018.10.15-19.54.50:070][283]Cmd: EDIT COPY
[2018.10.15-19.54.50:403][303]Cmd: EDIT PASTE
[2018.10.15-19.55.01:768][978]Cmd: TRANSACTION UNDO
[2018.10.15-19.55.01:768][978]LogEditorTransaction: Undo Move Actors
[2018.10.15-19.55.02:406][ 15]Cmd: TRANSACTION UNDO
[2018.10.15-19.55.02:406][ 15]LogEditorTransaction: Undo Rotate Actors
[2018.10.15-19.55.02:925][ 46]LogEditorViewport: Clicking on Actor (LMB): StaticMeshActor (Cube2)
[2018.10.15-19.55.03:462][ 77]Cmd: TRANSACTION UNDO
[2018.10.15-19.55.03:463][ 77]LogEditorTransaction: Undo Clicking on Actors
[2018.10.15-19.55.04:322][128]Cmd: TRANSACTION UNDO
[2018.10.15-19.55.04:322][128]LogEditorTransaction: Undo Paste
[2018.10.15-19.55.22:955][241]Cmd: EDIT COPY
[2018.10.15-19.55.23:707][286]Cmd: EDIT PASTE
[2018.10.15-19.55.27:217][495]LogEditorViewport: Clicking on Actor (LMB): StaticMeshActor (Cube2)
[2018.10.15-19.55.31:825][770]LogEditorViewport: Clicking on Actor (CTRL LMB): StaticMeshActor (Cube)
[2018.10.15-19.55.33:271][855]Cmd: EDIT COPY
[2018.10.15-19.55.33:622][876]Cmd: EDIT PASTE
[2018.10.15-19.55.56:314][225]LogSlate: FSceneViewport::OnFocusLost() reason 0
[2018.10.15-19.55.56:554][239]LogActorFactory: Actor Factory created Cube
[2018.10.15-19.55.57:476][294]LogActorFactory: Actor Factory created Cube
[2018.10.15-19.56.29:123][173]Cmd: SELECT NONE
[2018.10.15-19.56.33:525][434]LogEditorViewport: Clicking on Actor (LMB): StaticMeshActor (Cube5)
[2018.10.15-19.56.36:182][589]LogEditorViewport: Clicking on Actor (LMB): BP_Sky_Sphere_C (Sky Sphere)
[2018.10.15-19.56.38:826][746]LogSlate: FSceneViewport::OnFocusLost() reason 0
[2018.10.15-19.56.48:660][335]LogEditorViewport: Clicking on Actor (LMB): StaticMeshActor (Cube5)
[2018.10.15-19.56.59:717][991]LogWindows: LaunchURL http://docs.unrealengine.com/latest/INT/index.html?utm_source=editor&utm_medium=docs&utm_campaign=help_menu
[2018.10.15-19.57.03:883][ 11]LogSlate: FSceneViewport::OnFocusLost() reason 0
[2018.10.15-19.57.04:602][ 36]LogEditorViewport: Clicking on Actor (LMB): StaticMeshActor (Cube3)
[2018.10.15-19.57.05:771][104]Cmd: SELECT NONE
[2018.10.15-19.57.13:552][568]LogEditorViewport: Clicking on Actor (LMB): StaticMeshActor (Cube5)
[2018.10.15-19.57.22:155][ 75]LogSlate: FSceneViewport::OnFocusLost() reason 0
[2018.10.15-19.57.22:205][ 78]LogTemp: Repeating last play command: Selected Viewport
[2018.10.15-19.57.22:214][ 78]LogPlayLevel: PlayLevel: No blueprints needed recompiling
[2018.10.15-19.57.22:227][ 78]PIE: New page: PIE session: Untitled_1 (15 Oct 2018 21:57:22)
[2018.10.15-19.57.22:227][ 78]LogPlayLevel: Creating play world package: /Temp/UEDPIE_0_Untitled_1
[2018.10.15-19.57.22:230][ 78]LogPlayLevel: PIE: StaticDuplicateObject took: (0.002362s)
[2018.10.15-19.57.22:231][ 78]LogAIModule: Creating AISystem for world Untitled_1
[2018.10.15-19.57.22:231][ 78]LogPlayLevel: PIE: World Init took: (0.001082s)
[2018.10.15-19.57.22:231][ 78]LogPlayLevel: PIE: Created PIE world by copying editor world from /Temp/Untitled_1.Untitled_1 to /Temp/UEDPIE_0_Untitled_1.Untitled_1 (0.003690s)
[2018.10.15-19.57.22:261][ 78]LogInit: XAudio2 using 'Audífono de los auriculares con micrófono (3- Razer Kraken 7.1 Chroma)' : 2 channels at 48 kHz using 16 bits per sample (channel mask 0x3)
[2018.10.15-19.57.22:274][ 78]LogInit: FAudioDevice initialized.
[2018.10.15-19.57.22:315][ 78]LogLoad: Game class is 'GameModeBase'
[2018.10.15-19.57.22:320][ 78]LogWorld: Bringing World /Temp/UEDPIE_0_Untitled_1.Untitled_1 up for play (max tick rate 60) at 2018.10.15-20.57.22
[2018.10.15-19.57.22:320][ 78]LogWorld: Bringing up level for play took: 0.002822
[2018.10.15-19.57.22:339][ 78]LogContentBrowser: Native class hierarchy updated for 'MovieSceneCapture' in 0.0005 seconds. Added 10 classes and 0 folders.
[2018.10.15-19.57.22:340][ 78]PIE: Play in editor start time for /Temp/UEDPIE_0_Untitled_1 0.249
[2018.10.15-19.57.30:355][557]LogSlate: Updating window title bar state: overlay mode, drag disabled, window buttons hidden, title bar hidden
[2018.10.15-19.57.30:390][557]LogPlayLevel: Display: Shutting down PIE online subsystems
[2018.10.15-19.57.30:414][557]LogSlate: Updating window title bar state: overlay mode, drag disabled, window buttons hidden, title bar hidden
[2018.10.15-19.57.30:466][559]LogPlayLevel: Display: Destroying online subsystem :Context_2
[2018.10.15-19.57.35:963][830]LogSlate: FSceneViewport::OnFocusLost() reason 2
[2018.10.15-19.57.50:936][985]LogEditorViewport: Clicking on Actor (LMB): StaticMeshActor (Cube5)
[2018.10.15-19.58.01:468][607]LogSlate: FSceneViewport::OnFocusLost() reason 2
[2018.10.15-19.58.05:527][850]LogSlate: FSceneViewport::OnFocusLost() reason 2
[2018.10.15-19.58.42:576][782]LogEditorViewport: Clicking on Actor (LMB): StaticMeshActor (Roof)
[2018.10.15-19.58.44:460][893]LogSlate: FSceneViewport::OnFocusLost() reason 0
[2018.10.15-19.59.47:681][446]LogSlate: FSceneViewport::OnFocusLost() reason 0
[2018.10.15-19.59.48:114][472]LogTemp: Repeating last play command: Selected Viewport
[2018.10.15-19.59.48:122][472]LogPlayLevel: PlayLevel: No blueprints needed recompiling
[2018.10.15-19.59.48:122][472]PIE: New page: PIE session: Untitled_1 (15 Oct 2018 21:59:48)
[2018.10.15-19.59.48:122][472]LogPlayLevel: Creating play world package: /Temp/UEDPIE_0_Untitled_1
[2018.10.15-19.59.48:125][472]LogPlayLevel: PIE: StaticDuplicateObject took: (0.002584s)
[2018.10.15-19.59.48:126][472]LogAIModule: Creating AISystem for world Untitled_1
[2018.10.15-19.59.48:127][472]LogPlayLevel: PIE: World Init took: (0.001323s)
[2018.10.15-19.59.48:127][472]LogPlayLevel: PIE: Created PIE world by copying editor world from /Temp/Untitled_1.Untitled_1 to /Temp/UEDPIE_0_Untitled_1.Untitled_1 (0.004130s)
[2018.10.15-19.59.48:154][472]LogInit: XAudio2 using 'Audífono de los auriculares con micrófono (3- Razer Kraken 7.1 Chroma)' : 2 channels at 48 kHz using 16 bits per sample (channel mask 0x3)
[2018.10.15-19.59.48:166][472]LogInit: FAudioDevice initialized.
[2018.10.15-19.59.48:196][472]LogLoad: Game class is 'GameModeBase'
[2018.10.15-19.59.48:197][472]LogWorld: Bringing World /Temp/UEDPIE_0_Untitled_1.Untitled_1 up for play (max tick rate 60) at 2018.10.15-20.59.48
[2018.10.15-19.59.48:198][472]LogWorld: Bringing up level for play took: 0.000629
[2018.10.15-19.59.48:210][472]PIE: Play in editor start time for /Temp/UEDPIE_0_Untitled_1 0.119
[2018.10.15-20.00.01:966][296]LogSlate: Updating window title bar state: overlay mode, drag disabled, window buttons hidden, title bar hidden
[2018.10.15-20.00.02:001][296]LogPlayLevel: Display: Shutting down PIE online subsystems
[2018.10.15-20.00.02:035][296]LogSlate: Updating window title bar state: overlay mode, drag disabled, window buttons hidden, title bar hidden
[2018.10.15-20.00.02:078][298]LogPlayLevel: Display: Destroying online subsystem :Context_4
[2018.10.15-20.00.08:614][690]Cmd: CAMERA ALIGN ACTIVEVIEWPORTONLY
[2018.10.15-20.00.08:614][690]Can't find target actor or component.
[2018.10.15-20.00.09:915][768]Cmd: CAMERA ALIGN ACTIVEVIEWPORTONLY
[2018.10.15-20.00.09:915][768]Can't find target actor or component.
[2018.10.15-20.00.13:084][958]LogSlate: FSceneViewport::OnFocusLost() reason 0
[2018.10.15-20.00.14:984][ 72]LogEditorViewport: Clicking on Actor (LMB): StaticMeshActor (Roof)
[2018.10.15-20.00.15:309][ 89]Cmd: CAMERA ALIGN ACTIVEVIEWPORTONLY
[2018.10.15-20.03.01:850][799]LogSavePackage: Moving 'E:/workspace/unreal-projects/blueprints/tutorials/udemyCourseUE/Saved/Untitled_1_Auto247BE553C4EC469FE95C8B4A3ACEF566D.tmp' to 'E:/workspace/unreal-projects/blueprints/tutorials/udemyCourseUE/Saved/Autosaves/Temp/Untitled_1_Auto2.umap'
[2018.10.15-20.03.01:854][799]LogFileHelpers: Editor autosave (incl. sublevels) for '/Temp/Untitled_1' took 0.080
[2018.10.15-20.03.01:854][799]LogFileHelpers: Editor autosave (incl. sublevels) for all levels took 0.080
[2018.10.15-20.05.57:909][440]LogHttp: Warning: 0000023A8E5BDD00: request failed, libcurl error: 7 (Couldn't connect to server)
[2018.10.15-20.05.57:909][440]LogHttp: Warning: 0000023A8E5BDD00: libcurl info message cache 0 (Found bundle for host datarouter.ol.epicgames.com: 0x23a8a103fa0 [can pipeline])
[2018.10.15-20.05.57:910][440]LogHttp: Warning: 0000023A8E5BDD00: libcurl info message cache 1 (Re-using existing connection! (#12) with host datarouter.ol.epicgames.com)
[2018.10.15-20.05.57:910][440]LogHttp: Warning: 0000023A8E5BDD00: libcurl info message cache 2 (Connected to datarouter.ol.epicgames.com (52.1.169.243) port 443 (#12))
[2018.10.15-20.05.57:910][440]LogHttp: Warning: 0000023A8E5BDD00: libcurl info message cache 3 (upload completely sent off: 744 out of 744 bytes)
[2018.10.15-20.05.57:910][440]LogHttp: Warning: 0000023A8E5BDD00: libcurl info message cache 4 (OpenSSL SSL_read: SSL_ERROR_SYSCALL, errno 10054)
[2018.10.15-20.05.57:910][440]LogHttp: Warning: 0000023A8E5BDD00: libcurl info message cache 5 (Connection died, retrying a fresh connect)
[2018.10.15-20.05.57:910][440]LogHttp: Warning: 0000023A8E5BDD00: libcurl info message cache 6 (Closing connection 12)
[2018.10.15-20.05.57:910][440]LogHttp: Warning: 0000023A8E5BDD00: libcurl info message cache 7 (Issue another request to this URL: 'https://datarouter.ol.epicgames.com/datarouter/api/v1/public/data?SessionID=%7B849ED200-4E53-2BEF-037E-348A899F56E0%7D&AppID=UEEditor.Rocket.Release&AppVersion=4.20.3-4369336%2B%2B%2BUE4%2BRelease-4.20&UserID=615672254ad5102c1bc51b8d1b117311%7Cfa1dc93f6b704c8d83a9104afea68a1b%7C72dd52b5-5a2f-440d-8629-9ba7bd7a5a21&AppEnvironment=datacollector-binary&UploadType=eteventstream')
[2018.10.15-20.05.57:910][440]LogHttp: Warning: 0000023A8E5BDD00: libcurl info message cache 8 (  Trying fe80::26a7:dcff:fe36:619...)
[2018.10.15-20.05.57:910][440]LogHttp: Warning: 0000023A8E5BDD00: libcurl info message cache 9 (TCP_NODELAY set)
[2018.10.15-20.05.57:910][440]LogHttp: Warning: 0000023A8E5BDD00: libcurl info message cache 10 (  Trying 10.10.10.10...)
[2018.10.15-20.05.57:910][440]LogHttp: Warning: 0000023A8E5BDD00: libcurl info message cache 11 (TCP_NODELAY set)
[2018.10.15-20.05.57:910][440]LogHttp: Warning: 0000023A8E5BDD00: libcurl info message cache 12 (connect to fe80::26a7:dcff:fe36:619 port 443 failed: Connection refused)
[2018.10.15-20.05.57:910][440]LogHttp: Warning: 0000023A8E5BDD00: libcurl info message cache 13 (connect to 10.10.10.10 port 443 failed: Timed out)
[2018.10.15-20.05.57:910][440]LogHttp: Warning: 0000023A8E5BDD00: libcurl info message cache 14 (Failed to connect to datarouter.ol.epicgames.com port 443: Timed out)
[2018.10.15-20.05.57:910][440]LogHttp: Warning: 0000023A8E5BDD00: libcurl info message cache 15 (Closing connection 13)
[2018.10.15-20.09.02:706][991]LogInit: XAudio2 using 'Altavoces (Realtek High Definition Audio)' : 2 channels at 48 kHz using 32 bits per sample (channel mask 0x3)
[2018.10.15-20.58.46:851][905]LogSlate: FSceneViewport::OnFocusLost() reason 0
[2018.10.15-20.59.19:402][  9]LogSlate: Window 'Save Content' being destroyed
[2018.10.15-20.59.20:994][105]LogEditorViewport: Clicking on Actor (LMB): BP_Sky_Sphere_C (Sky Sphere)
[2018.10.15-20.59.25:027][342]LogSlate: FSceneViewport::OnFocusLost() reason 2
[2018.10.15-20.59.39:959][342]LogSlate: Window 'Save Level As' being destroyed
[2018.10.15-20.59.40:059][342]Cmd: OBJ SAVEPACKAGE PACKAGE="/Game/test-1" FILE="E:/workspace/unreal-projects/blueprints/tutorials/udemyCourseUE/Content/test-1.umap" SILENT=true AUTOSAVING=false KEEPDIRTY=false
[2018.10.15-20.59.40:111][342]LogSavePackage: Moving 'E:/workspace/unreal-projects/blueprints/tutorials/udemyCourseUE/Saved/test-1F1BD6D7A4331FFEF37391FBA92516628.tmp' to 'E:/workspace/unreal-projects/blueprints/tutorials/udemyCourseUE/Content/test-1.umap'
[2018.10.15-20.59.40:126][342]LogFileHelpers: Saving map 'test-1' took 0.162
[2018.10.15-20.59.43:379][536]LogSlate: Took 0.000218 seconds to synchronously load lazily loaded font '../../../Engine/Content/Slate/Fonts/Roboto-Light.ttf' (167K)
[2018.10.15-20.59.50:074][611]LogSlate: Window 'Save Content' being destroyed
[2018.10.15-20.59.50:093][611]Cmd: OBJ SAVEPACKAGE PACKAGE="/Game/test-1_BuiltData" FILE="E:/workspace/unreal-projects/blueprints/tutorials/udemyCourseUE/Content/test-1_BuiltData.uasset" SILENT=true
[2018.10.15-20.59.50:111][611]LogSavePackage: Moving 'E:/workspace/unreal-projects/blueprints/tutorials/udemyCourseUE/Saved/test-1_BuiltData37BFB10F4A6EDAD5A44696BBDC9AEA44.tmp' to 'E:/workspace/unreal-projects/blueprints/tutorials/udemyCourseUE/Content/test-1_BuiltData.uasset'
[2018.10.15-20.59.50:148][611]LogSlate: Window 'udemyCourseUE - Unreal Editor' being destroyed
[2018.10.15-20.59.50:149][611]LogWindowsTextInputMethodSystem: Display: IME system now deactivated.
[2018.10.15-20.59.50:341][612]Cmd: QUIT_EDITOR
[2018.10.15-20.59.50:570][612]LogExit: Preparing to exit.
[2018.10.15-20.59.51:583][612]LogExit: Editor shut down
[2018.10.15-20.59.51:584][612]LogExit: Transaction tracking system shut down
[2018.10.15-20.59.52:166][612]LogExit: Object subsystem successfully closed.
[2018.10.15-20.59.52:197][612]LogShaderCompilers: Display: Shaders left to compile 0
[2018.10.15-20.59.52:200][612]LogD3D11RHI: Shutdown
[2018.10.15-20.59.52:200][612]LogD3D11RHI: CleanupD3DDevice
[2018.10.15-20.59.52:202][612]LogD3D11RHI: ~FD3D11DynamicRHI
[2018.10.15-20.59.52:233][612]LogModuleManager: Shutting down and abandoning module MovieSceneCapture (616)
[2018.10.15-20.59.52:233][612]LogModuleManager: Shutting down and abandoning module Voice (614)
[2018.10.15-20.59.52:233][612]LogModuleManager: Shutting down and abandoning module HierarchicalLODOutliner (612)
[2018.10.15-20.59.52:233][612]LogModuleManager: Shutting down and abandoning module SceneOutliner (610)
[2018.10.15-20.59.52:233][612]LogModuleManager: Shutting down and abandoning module AddContentDialog (608)
[2018.10.15-20.59.52:234][612]LogModuleManager: Shutting down and abandoning module WidgetCarousel (607)
[2018.10.15-20.59.52:234][612]LogModuleManager: Shutting down and abandoning module EditorWidgets (604)
[2018.10.15-20.59.52:234][612]LogModuleManager: Shutting down and abandoning module CollectionManager (602)
[2018.10.15-20.59.52:234][612]LogModuleManager: Shutting down and abandoning module HierarchicalLODUtilities (600)
[2018.10.15-20.59.52:234][612]LogModuleManager: Shutting down and abandoning module StatsViewer (598)
[2018.10.15-20.59.52:234][612]LogModuleManager: Shutting down and abandoning module FoliageEdit (596)
[2018.10.15-20.59.52:234][612]LogModuleManager: Shutting down and abandoning module LandscapeEditor (594)
[2018.10.15-20.59.52:234][612]LogModuleManager: Shutting down and abandoning module MeshPaintMode (592)
[2018.10.15-20.59.52:234][612]LogModuleManager: Shutting down and abandoning module SceneDepthPickerMode (590)
[2018.10.15-20.59.52:234][612]LogModuleManager: Shutting down and abandoning module ActorPickerMode (588)
[2018.10.15-20.59.52:234][612]LogModuleManager: Shutting down and abandoning module GeometryMode (586)
[2018.10.15-20.59.52:234][612]LogModuleManager: Shutting down and abandoning module TextureAlignMode (584)
[2018.10.15-20.59.52:234][612]LogModuleManager: Shutting down and abandoning module BspMode (582)
[2018.10.15-20.59.52:234][612]LogModuleManager: Shutting down and abandoning module PIEPreviewDeviceProfileSelector (580)
[2018.10.15-20.59.52:234][612]LogModuleManager: Shutting down and abandoning module SequenceRecorderSections (578)
[2018.10.15-20.59.52:234][612]LogModuleManager: Shutting down and abandoning module AutomationWorker (576)
[2018.10.15-20.59.52:234][612]LogModuleManager: Shutting down and abandoning module AudioCaptureEditor (574)
[2018.10.15-20.59.52:234][612]LogModuleManager: Shutting down and abandoning module SequenceRecorder (573)
[2018.10.15-20.59.52:234][612]LogModuleManager: Shutting down and abandoning module MatineeToLevelSequence (570)
[2018.10.15-20.59.52:234][612]LogModuleManager: Shutting down and abandoning module LevelSequenceEditor (568)
[2018.10.15-20.59.52:235][612]LogModuleManager: Shutting down and abandoning module PlacementMode (567)
[2018.10.15-20.59.52:235][612]LogModuleManager: Shutting down and abandoning module MaterialEditor (566)
[2018.10.15-20.59.52:235][612]LogModuleManager: Shutting down and abandoning module WmfMediaFactory (562)
[2018.10.15-20.59.52:235][612]LogModuleManager: Shutting down and abandoning module WmfMediaEditor (560)
[2018.10.15-20.59.52:235][612]LogModuleManager: Shutting down and abandoning module MediaPlayerEditor (558)
[2018.10.15-20.59.52:235][612]LogModuleManager: Shutting down and abandoning module OpenExrWrapper (556)
[2018.10.15-20.59.52:235][612]LogModuleManager: Shutting down and abandoning module ImgMediaFactory (554)
[2018.10.15-20.59.52:235][612]LogModuleManager: Shutting down and abandoning module ImgMediaEditor (552)
[2018.10.15-20.59.52:235][612]LogModuleManager: Shutting down and abandoning module AvfMediaFactory (550)
[2018.10.15-20.59.52:235][612]LogModuleManager: Shutting down and abandoning module AvfMediaEditor (548)
[2018.10.15-20.59.52:235][612]LogModuleManager: Shutting down and abandoning module AndroidMediaFactory (546)
[2018.10.15-20.59.52:235][612]LogModuleManager: Shutting down and abandoning module AndroidMediaEditor (544)
[2018.10.15-20.59.52:235][612]LogModuleManager: Shutting down and abandoning module MagicLeapCameraPreviewFactory (542)
[2018.10.15-20.59.52:235][612]LogModuleManager: Shutting down and abandoning module MagicLeapMediaFactory (540)
[2018.10.15-20.59.52:235][612]LogModuleManager: Shutting down and abandoning module MagicLeapMediaEditor (538)
[2018.10.15-20.59.52:235][612]LogModuleManager: Shutting down and abandoning module CharacterAI (536)
[2018.10.15-20.59.52:235][612]LogModuleManager: Shutting down and abandoning module SmartSnapping (534)
[2018.10.15-20.59.52:235][612]LogModuleManager: Shutting down and abandoning module SessionServices (532)
[2018.10.15-20.59.52:235][612]LogModuleManager: Shutting down and abandoning module ViewportSnapping (530)
[2018.10.15-20.59.52:235][612]LogModuleManager: Shutting down and abandoning module ViewportInteraction (528)
[2018.10.15-20.59.52:235][612]LogModuleManager: Shutting down and abandoning module ClothPainter (526)
[2018.10.15-20.59.52:235][612]LogModuleManager: Shutting down and abandoning module SkeletalMeshEditor (525)
[2018.10.15-20.59.52:235][612]LogModuleManager: Shutting down and abandoning module LogVisualizer (522)
[2018.10.15-20.59.52:235][612]LogModuleManager: Shutting down and abandoning module IntroTutorials (520)
[2018.10.15-20.59.52:235][612]LogModuleManager: Shutting down and abandoning module GameProjectGeneration (519)
[2018.10.15-20.59.52:235][612]LogModuleManager: Shutting down and abandoning module LuminPlatformEditor (516)
[2018.10.15-20.59.52:235][612]LogModuleManager: Shutting down and abandoning module IOSPlatformEditor (514)
[2018.10.15-20.59.52:235][612]LogModuleManager: Shutting down and abandoning module HTML5PlatformEditor (512)
[2018.10.15-20.59.52:235][612]LogModuleManager: Shutting down and abandoning module AndroidPlatformEditor (510)
[2018.10.15-20.59.52:235][612]LogModuleManager: Shutting down and abandoning module AndroidDeviceDetection (509)
[2018.10.15-20.59.53:941][612]LogModuleManager: Shutting down and abandoning module WindowsPlatformEditor (506)
[2018.10.15-20.59.53:941][612]LogModuleManager: Shutting down and abandoning module LuminRuntimeSettings (504)
[2018.10.15-20.59.53:941][612]LogModuleManager: Shutting down and abandoning module IOSRuntimeSettings (502)
[2018.10.15-20.59.53:941][612]LogModuleManager: Shutting down and abandoning module AndroidRuntimeSettings (500)
[2018.10.15-20.59.53:941][612]LogModuleManager: Shutting down and abandoning module InputBindingEditor (498)
[2018.10.15-20.59.53:941][612]LogModuleManager: Shutting down and abandoning module MergeActors (496)
[2018.10.15-20.59.53:941][612]LogModuleManager: Shutting down and abandoning module LocalizationDashboard (494)
[2018.10.15-20.59.53:941][612]LogModuleManager: Shutting down and abandoning module LocalizationService (493)
[2018.10.15-20.59.53:941][612]LogModuleManager: Shutting down and abandoning module HardwareTargeting (490)
[2018.10.15-20.59.53:941][612]LogModuleManager: Shutting down and abandoning module DeviceProfileEditor (488)
[2018.10.15-20.59.53:941][612]LogModuleManager: Shutting down and abandoning module UndoHistory (486)
[2018.10.15-20.59.53:941][612]LogModuleManager: Shutting down and abandoning module XmlParser (484)
[2018.10.15-20.59.53:941][612]LogModuleManager: Shutting down and abandoning module Blutility (482)
[2018.10.15-20.59.53:941][612]LogModuleManager: Shutting down and abandoning module ProjectSettingsViewer (480)
[2018.10.15-20.59.53:941][612]LogModuleManager: Shutting down and abandoning module ProjectTargetPlatformEditor (479)
[2018.10.15-20.59.53:941][612]LogModuleManager: Shutting down and abandoning module EditorSettingsViewer (476)
[2018.10.15-20.59.53:942][612]LogModuleManager: Shutting down and abandoning module SettingsEditor (474)
[2018.10.15-20.59.53:942][612]LogModuleManager: Shutting down and abandoning module ProjectLauncher (472)
[2018.10.15-20.59.53:942][612]LogModuleManager: Shutting down and abandoning module SessionFrontend (470)
[2018.10.15-20.59.53:942][612]LogModuleManager: Shutting down and abandoning module ProfilerClient (468)
[2018.10.15-20.59.53:942][612]LogModuleManager: Shutting down and abandoning module DeviceManager (466)
[2018.10.15-20.59.53:942][612]LogModuleManager: Shutting down and abandoning module TargetDeviceServices (465)
[2018.10.15-20.59.53:997][612]LogModuleManager: Shutting down and abandoning module AutomationController (462)
[2018.10.15-20.59.53:997][612]LogModuleManager: Shutting down and abandoning module AutomationWindow (460)
[2018.10.15-20.59.53:997][612]LogModuleManager: Shutting down and abandoning module Layers (458)
[2018.10.15-20.59.53:997][612]LogModuleManager: Shutting down and abandoning module ComponentVisualizers (456)
[2018.10.15-20.59.53:997][612]LogModuleManager: Shutting down and abandoning module DetailCustomizations (454)
[2018.10.15-20.59.53:997][612]LogModuleManager: Shutting down and abandoning module PackagesDialog (452)
[2018.10.15-20.59.53:998][612]LogModuleManager: Shutting down and abandoning module Persona (450)
[2018.10.15-20.59.53:998][612]LogModuleManager: Shutting down and abandoning module AdvancedPreviewScene (449)
[2018.10.15-20.59.53:998][612]LogModuleManager: Shutting down and abandoning module AnimGraph (447)
[2018.10.15-20.59.53:998][612]LogModuleManager: Shutting down and abandoning module Kismet (444)
[2018.10.15-20.59.53:999][612]LogModuleManager: Shutting down and abandoning module GraphEditor (442)
[2018.10.15-20.59.53:999][612]LogModuleManager: Shutting down and abandoning module ClassViewer (440)
[2018.10.15-20.59.53:999][612]LogModuleManager: Shutting down and abandoning module Toolbox (438)
[2018.10.15-20.59.53:999][612]LogModuleManager: Shutting down and abandoning module ModuleUI (436)
[2018.10.15-20.59.53:999][612]LogModuleManager: Shutting down and abandoning module MovieSceneTools (434)
[2018.10.15-20.59.53:999][612]LogModuleManager: Shutting down and abandoning module OutputLog (432)
[2018.10.15-20.59.53:999][612]LogModuleManager: Shutting down and abandoning module GammaUI (430)
[2018.10.15-20.59.53:999][612]LogModuleManager: Shutting down and abandoning module Documentation (428)
[2018.10.15-20.59.53:999][612]LogModuleManager: Shutting down and abandoning module MovieSceneTracks (426)
[2018.10.15-20.59.53:999][612]LogModuleManager: Shutting down and abandoning module MovieScene (424)
[2018.10.15-20.59.53:999][612]LogModuleManager: Shutting down and abandoning module StreamingPauseRendering (422)
[2018.10.15-20.59.54:000][612]LogModuleManager: Shutting down and abandoning module LauncherPlatform (420)
[2018.10.15-20.59.54:000][612]LogModuleManager: Shutting down and abandoning module AnalyticsET (418)
[2018.10.15-20.59.54:000][612]LogModuleManager: Shutting down and abandoning module PortalServices (416)
[2018.10.15-20.59.54:000][612]LogModuleManager: Shutting down and abandoning module PortalRpc (414)
[2018.10.15-20.59.54:000][612]LogModuleManager: Shutting down and abandoning module MessagingRpc (412)
[2018.10.15-20.59.54:000][612]LogModuleManager: Shutting down and abandoning module AIModule (410)
[2018.10.15-20.59.54:000][612]LogModuleManager: Shutting down and abandoning module GameplayDebugger (409)
[2018.10.15-20.59.54:000][612]LogModuleManager: Shutting down and abandoning module AITestSuite (407)
[2018.10.15-20.59.54:000][612]LogModuleManager: Shutting down and abandoning module NavigationSystem (405)
[2018.10.15-20.59.54:000][612]LogModuleManager: Shutting down and abandoning module DesktopPlatform (402)
[2018.10.15-20.59.54:000][612]LogModuleManager: Shutting down and abandoning module ProfilerService (400)
[2018.10.15-20.59.54:247][612]LogModuleManager: Shutting down and abandoning module TaskGraph (398)
[2018.10.15-20.59.54:247][612]LogModuleManager: Shutting down and abandoning module SteamVRController (396)
[2018.10.15-20.59.54:247][612]LogModuleManager: Shutting down and abandoning module ProceduralMeshComponentEditor (394)
[2018.10.15-20.59.54:247][612]LogModuleManager: Shutting down and abandoning module ProceduralMeshComponent (392)
[2018.10.15-20.59.54:247][612]LogModuleManager: Shutting down and abandoning module OculusInput (390)
[2018.10.15-20.59.54:247][612]LogModuleManager: Shutting down and abandoning module MobilePatchingUtils (388)
[2018.10.15-20.59.54:247][612]LogModuleManager: Shutting down and abandoning module EditableMesh (386)
[2018.10.15-20.59.54:247][612]LogModuleManager: Shutting down and abandoning module CustomMeshComponent (384)
[2018.10.15-20.59.54:247][612]LogModuleManager: Shutting down and abandoning module CableComponent (382)
[2018.10.15-20.59.54:247][612]LogModuleManager: Shutting down and abandoning module AudioCapture (380)
[2018.10.15-20.59.54:247][612]LogModuleManager: Shutting down and abandoning module ArchVisCharacter (378)
[2018.10.15-20.59.54:247][612]LogModuleManager: Shutting down and abandoning module AndroidPermission (376)
[2018.10.15-20.59.54:247][612]LogModuleManager: Shutting down and abandoning module NUTUnrealEngine4 (374)
[2018.10.15-20.59.54:247][612]LogModuleManager: Shutting down and abandoning module NetcodeUnitTest (372)
[2018.10.15-20.59.54:247][612]LogModuleManager: Shutting down and abandoning module MediaCompositingEditor (370)
[2018.10.15-20.59.54:247][612]LogModuleManager: Shutting down and abandoning module MediaCompositing (368)
[2018.10.15-20.59.54:247][612]LogModuleManager: Shutting down and abandoning module LinearTimecode (366)
[2018.10.15-20.59.54:247][612]LogModuleManager: Shutting down and abandoning module ImgMedia (364)
[2018.10.15-20.59.54:250][612]LogModuleManager: Shutting down and abandoning module HTML5Networking (362)
[2018.10.15-20.59.54:251][612]LogModuleManager: Shutting down and abandoning module GeometryCacheTracks (360)
[2018.10.15-20.59.54:251][612]LogModuleManager: Shutting down and abandoning module GeometryCacheSequencer (358)
[2018.10.15-20.59.54:251][612]LogModuleManager: Shutting down and abandoning module BackChannel (356)
[2018.10.15-20.59.54:251][612]LogModuleManager: Shutting down and abandoning module AppleVision (354)
[2018.10.15-20.59.54:251][612]LogModuleManager: Shutting down and abandoning module AppleImageUtils (352)
[2018.10.15-20.59.54:251][612]LogModuleManager: Shutting down and abandoning module AlembicImporter (350)
[2018.10.15-20.59.54:251][612]LogModuleManager: Shutting down and abandoning module AlembicLibrary (349)
[2018.10.15-20.59.54:251][612]LogModuleManager: Shutting down and abandoning module GeometryCache (348)
[2018.10.15-20.59.54:251][612]LogModuleManager: Shutting down and abandoning module GeometryCacheEd (347)
[2018.10.15-20.59.54:251][612]LogModuleManager: Shutting down and abandoning module DatasmithContentEditor (342)
[2018.10.15-20.59.54:251][612]LogModuleManager: Shutting down and abandoning module DatasmithContent (340)
[2018.10.15-20.59.54:251][612]LogModuleManager: Shutting down and abandoning module SpeedTreeImporter (338)
[2018.10.15-20.59.54:251][612]LogModuleManager: Shutting down and abandoning module PluginBrowser (336)
[2018.10.15-20.59.54:251][612]LogModuleManager: Shutting down and abandoning module MobileLauncherProfileWizard (334)
[2018.10.15-20.59.54:251][612]LogModuleManager: Shutting down and abandoning module PolygonModeling (332)
[2018.10.15-20.59.54:251][612]LogModuleManager: Shutting down and abandoning module MeshEditor (330)
[2018.10.15-20.59.54:251][612]LogModuleManager: Shutting down and abandoning module CryptoKeysOpenSSL (328)
[2018.10.15-20.59.54:251][612]LogModuleManager: Shutting down and abandoning module CryptoKeys (326)
[2018.10.15-20.59.54:251][612]LogModuleManager: Shutting down and abandoning module VisualStudioSourceCodeAccess (324)
[2018.10.15-20.59.54:251][612]LogModuleManager: Shutting down and abandoning module VisualStudioCodeSourceCodeAccess (322)
[2018.10.15-20.59.54:251][612]LogModuleManager: Shutting down and abandoning module UObjectPlugin (320)
[2018.10.15-20.59.54:253][612]LogModuleManager: Shutting down and abandoning module SubversionSourceControl (318)
[2018.10.15-20.59.54:253][612]LogModuleManager: Shutting down and abandoning module PerforceSourceControl (316)
[2018.10.15-20.59.54:253][612]LogModuleManager: Shutting down and abandoning module GitSourceControl (314)
[2018.10.15-20.59.54:253][612]LogModuleManager: Shutting down and abandoning module SourceControl (313)
[2018.10.15-20.59.54:253][612]LogModuleManager: Shutting down and abandoning module CLionSourceCodeAccess (310)
[2018.10.15-20.59.54:253][612]LogModuleManager: Shutting down and abandoning module LightPropagationVolumeEditor (308)
[2018.10.15-20.59.54:253][612]LogModuleManager: Shutting down and abandoning module PaperTiledImporter (306)
[2018.10.15-20.59.54:253][612]LogModuleManager: Shutting down and abandoning module PaperSpriteSheetImporter (304)
[2018.10.15-20.59.54:253][612]LogModuleManager: Shutting down and abandoning module Paper2DEditor (302)
[2018.10.15-20.59.54:253][612]LogModuleManager: Shutting down and abandoning module MeshPaint (301)
[2018.10.15-20.59.54:253][612]LogModuleManager: Shutting down and abandoning module RuntimePhysXCooking (298)
[2018.10.15-20.59.54:253][612]LogModuleManager: Shutting down and abandoning module PhysXVehiclesEditor (296)
[2018.10.15-20.59.54:253][612]LogModuleManager: Shutting down and abandoning module PhysXVehicles (294)
[2018.10.15-20.59.54:253][612]LogModuleManager: Shutting down and abandoning module OculusEditor (292)
[2018.10.15-20.59.54:253][612]LogModuleManager: Shutting down and abandoning module LocationServicesBPLibrary (290)
[2018.10.15-20.59.54:253][612]LogModuleManager: Shutting down and abandoning module ImmediatePhysicsEditor (288)
[2018.10.15-20.59.54:253][612]LogModuleManager: Shutting down and abandoning module ImmediatePhysics (286)
[2018.10.15-20.59.54:253][612]LogModuleManager: Shutting down and abandoning module ActorSequence (284)
[2018.10.15-20.59.54:253][612]LogModuleManager: Shutting down and abandoning module UdpMessaging (282)
[2018.10.15-20.59.54:353][612]LogModuleManager: Shutting down and abandoning module TcpMessaging (280)
[2018.10.15-20.59.54:454][612]LogModuleManager: Shutting down and abandoning module MagicLeapAudio (278)
[2018.10.15-20.59.54:454][612]LogModuleManager: Shutting down and abandoning module GameplayTagsEditor (276)
[2018.10.15-20.59.54:454][612]LogModuleManager: Shutting down and abandoning module FacialAnimationEditor (274)
[2018.10.15-20.59.54:454][612]LogModuleManager: Shutting down and abandoning module FacialAnimation (272)
[2018.10.15-20.59.54:454][612]LogModuleManager: Shutting down and abandoning module DataValidation (270)
[2018.10.15-20.59.54:454][612]LogModuleManager: Shutting down and abandoning module AssetManagerEditor (268)
[2018.10.15-20.59.54:454][612]LogModuleManager: Shutting down and abandoning module LevelEditor (267)
[2018.10.15-20.59.54:454][612]LogModuleManager: Shutting down and abandoning module PixelInspectorModule (266)
[2018.10.15-20.59.54:454][612]LogModuleManager: Shutting down and abandoning module CommonMenuExtensions (264)
[2018.10.15-20.59.54:455][612]LogModuleManager: Shutting down and abandoning module MainFrame (262)
[2018.10.15-20.59.54:455][612]LogModuleManager: Shutting down and abandoning module HotReload (261)
[2018.10.15-20.59.54:455][612]LogModuleManager: Shutting down and abandoning module ContentBrowser (257)
[2018.10.15-20.59.54:456][612]LogModuleManager: Shutting down and abandoning module TreeMap (255)
[2018.10.15-20.59.54:456][612]LogModuleManager: Shutting down and abandoning module LightPropagationVolumeRuntime (252)
[2018.10.15-20.59.54:456][612]LogModuleManager: Shutting down and abandoning module AISupportModule (250)
[2018.10.15-20.59.54:456][612]LogModuleManager: Shutting down and abandoning module Paper2D (248)
[2018.10.15-20.59.54:456][612]LogModuleManager: Shutting down and abandoning module WindowsMoviePlayer (246)
[2018.10.15-20.59.54:456][612]LogModuleManager: Shutting down and abandoning module WmfMedia (244)
[2018.10.15-20.59.54:458][612]LogModuleManager: Shutting down and abandoning module Media (243)
[2018.10.15-20.59.54:464][612]LogModuleManager: Shutting down and abandoning module PacketHandler (240)
[2018.10.15-20.59.54:464][612]LogModuleManager: Shutting down and abandoning module ClothingSystemEditor (238)
[2018.10.15-20.59.54:464][612]LogModuleManager: Shutting down and abandoning module ClothingSystemRuntime (236)
[2018.10.15-20.59.54:464][612]LogModuleManager: Shutting down and abandoning module MediaAssets (234)
[2018.10.15-20.59.54:464][612]LogModuleManager: Shutting down and abandoning module Overlay (232)
[2018.10.15-20.59.54:464][612]LogModuleManager: Shutting down and abandoning module OverlayEditor (231)
[2018.10.15-20.59.54:464][612]LogModuleManager: Shutting down and abandoning module VREditor (228)
[2018.10.15-20.59.54:464][612]LogModuleManager: Shutting down and abandoning module StringTableEditor (226)
[2018.10.15-20.59.54:464][612]LogModuleManager: Shutting down and abandoning module GameplayTasksEditor (224)
[2018.10.15-20.59.54:464][612]LogModuleManager: Shutting down and abandoning module BehaviorTreeEditor (222)
[2018.10.15-20.59.54:465][612]LogModuleManager: Shutting down and abandoning module FunctionalTesting (220)
[2018.10.15-20.59.54:465][612]LogModuleManager: Shutting down and abandoning module CollisionAnalyzer (218)
[2018.10.15-20.59.54:465][612]LogModuleManager: Shutting down and abandoning module WorkspaceMenuStructure (217)
[2018.10.15-20.59.54:465][612]LogModuleManager: Shutting down and abandoning module UMG (214)
[2018.10.15-20.59.54:465][612]LogModuleManager: Shutting down and abandoning module UMGEditor (213)
[2018.10.15-20.59.54:465][612]LogModuleManager: Shutting down and abandoning module Sequencer (212)
[2018.10.15-20.59.54:465][612]LogModuleManager: Shutting down and abandoning module MessageLog (209)
[2018.10.15-20.59.54:465][612]LogModuleManager: Shutting down and abandoning module SlateReflector (204)
[2018.10.15-20.59.54:465][612]LogModuleManager: Shutting down and abandoning module Slate (202)
[2018.10.15-20.59.54:465][612]LogModuleManager: Shutting down and abandoning module EditorStyle (200)
[2018.10.15-20.59.54:467][612]LogModuleManager: Shutting down and abandoning module MRMesh (198)
[2018.10.15-20.59.54:467][612]LogModuleManager: Shutting down and abandoning module SourceCodeAccess (196)
[2018.10.15-20.59.54:467][612]LogModuleManager: Shutting down and abandoning module HeadMountedDisplay (194)
[2018.10.15-20.59.54:467][612]LogModuleManager: Shutting down and abandoning module XAudio2 (192)
[2018.10.15-20.59.54:467][612]LogModuleManager: Shutting down and abandoning module Networking (190)
[2018.10.15-20.59.54:467][612]LogModuleManager: Shutting down and abandoning module Core (188)
[2018.10.15-20.59.54:467][612]LogModuleManager: Shutting down and abandoning module LevelSequence (186)
[2018.10.15-20.59.54:467][612]LogModuleManager: Shutting down and abandoning module KismetCompiler (184)
[2018.10.15-20.59.54:467][612]LogModuleManager: Shutting down and abandoning module MeshUtilities (182)
[2018.10.15-20.59.54:467][612]LogModuleManager: Shutting down and abandoning module MeshMergeUtilities (181)
[2018.10.15-20.59.54:467][612]LogModuleManager: Shutting down and abandoning module MeshReductionInterface (180)
[2018.10.15-20.59.54:467][612]LogModuleManager: Shutting down and abandoning module SimplygonSwarm (179)
[2018.10.15-20.59.54:467][612]LogModuleManager: Shutting down and abandoning module ProxyLODMeshReduction (177)
[2018.10.15-20.59.54:467][612]LogModuleManager: Shutting down and abandoning module SimplygonMeshReduction (175)
[2018.10.15-20.59.54:467][612]LogModuleManager: Shutting down and abandoning module QuadricMeshReduction (173)
[2018.10.15-20.59.54:467][612]LogModuleManager: Shutting down and abandoning module MaterialBaking (169)
[2018.10.15-20.59.54:467][612]LogModuleManager: Shutting down and abandoning module DirectoryWatcher (165)
[2018.10.15-20.59.54:467][612]LogModuleManager: Shutting down and abandoning module DerivedDataCache (162)
[2018.10.15-20.59.54:508][612]LogDerivedDataCache: Shutdown
[2018.10.15-20.59.54:509][612]LogModuleManager: Shutting down and abandoning module XGEController (160)
[2018.10.15-20.59.54:509][612]LogModuleManager: Shutting down and abandoning module TargetPlatform (158)
[2018.10.15-20.59.54:509][612]LogModuleManager: Shutting down and abandoning module VulkanShaderFormat (157)
[2018.10.15-20.59.54:509][612]LogModuleManager: Shutting down and abandoning module ShaderFormatVectorVM (155)
[2018.10.15-20.59.54:509][612]LogModuleManager: Shutting down and abandoning module ShaderFormatOpenGL (153)
[2018.10.15-20.59.54:509][612]LogModuleManager: Shutting down and abandoning module ShaderFormatD3D (151)
[2018.10.15-20.59.54:509][612]LogModuleManager: Shutting down and abandoning module MetalShaderFormat (149)
[2018.10.15-20.59.54:509][612]LogModuleManager: Shutting down and abandoning module TextureFormatUncompressed (147)
[2018.10.15-20.59.54:509][612]LogModuleManager: Shutting down and abandoning module TextureFormatPVR (145)
[2018.10.15-20.59.54:509][612]LogModuleManager: Shutting down and abandoning module TextureFormatDXT (143)
[2018.10.15-20.59.54:509][612]LogModuleManager: Shutting down and abandoning module TextureFormatIntelISPCTexComp (141)
[2018.10.15-20.59.54:509][612]LogModuleManager: Shutting down and abandoning module TextureFormatASTC (139)
[2018.10.15-20.59.54:509][612]LogModuleManager: Shutting down and abandoning module ImageWrapper (138)
[2018.10.15-20.59.54:509][612]LogModuleManager: Shutting down and abandoning module TextureFormatAndroid (135)
[2018.10.15-20.59.54:509][612]LogModuleManager: Shutting down and abandoning module AudioFormatOpus (133)
[2018.10.15-20.59.54:509][612]LogModuleManager: Shutting down and abandoning module AudioFormatOgg (131)
[2018.10.15-20.59.54:509][612]LogModuleManager: Shutting down and abandoning module AudioFormatADPCM (129)
[2018.10.15-20.59.54:509][612]LogModuleManager: Shutting down and abandoning module LuminTargetPlatform (127)
[2018.10.15-20.59.54:509][612]LogModuleManager: Shutting down and abandoning module LinuxTargetPlatform (125)
[2018.10.15-20.59.54:509][612]LogModuleManager: Shutting down and abandoning module LinuxServerTargetPlatform (123)
[2018.10.15-20.59.54:509][612]LogModuleManager: Shutting down and abandoning module LinuxNoEditorTargetPlatform (121)
[2018.10.15-20.59.54:509][612]LogModuleManager: Shutting down and abandoning module LinuxClientTargetPlatform (119)
[2018.10.15-20.59.54:509][612]LogModuleManager: Shutting down and abandoning module TVOSTargetPlatform (117)
[2018.10.15-20.59.54:511][612]LogModuleManager: Shutting down and abandoning module Messaging (115)
[2018.10.15-20.59.54:511][612]LogModuleManager: Shutting down and abandoning module IOSTargetPlatform (113)
[2018.10.15-20.59.54:512][612]LogModuleManager: Shutting down and abandoning module HTML5TargetPlatform (111)
[2018.10.15-20.59.54:512][612]LogModuleManager: Shutting down and abandoning module AndroidTargetPlatform (109)
[2018.10.15-20.59.54:519][612]LogModuleManager: Shutting down and abandoning module WindowsTargetPlatform (107)
[2018.10.15-20.59.54:519][612]LogModuleManager: Shutting down and abandoning module WindowsServerTargetPlatform (105)
[2018.10.15-20.59.54:519][612]LogModuleManager: Shutting down and abandoning module WindowsNoEditorTargetPlatform (103)
[2018.10.15-20.59.54:519][612]LogModuleManager: Shutting down and abandoning module WindowsClientTargetPlatform (101)
[2018.10.15-20.59.54:519][612]LogModuleManager: Shutting down and abandoning module MacTargetPlatform (99)
[2018.10.15-20.59.54:519][612]LogModuleManager: Shutting down and abandoning module MacServerTargetPlatform (97)
[2018.10.15-20.59.54:519][612]LogModuleManager: Shutting down and abandoning module MacNoEditorTargetPlatform (95)
[2018.10.15-20.59.54:519][612]LogModuleManager: Shutting down and abandoning module MacClientTargetPlatform (93)
[2018.10.15-20.59.54:519][612]LogModuleManager: Shutting down and abandoning module AllDesktopTargetPlatform (91)
[2018.10.15-20.59.54:519][612]LogModuleManager: Shutting down and abandoning module InputCore (88)
[2018.10.15-20.59.54:519][612]LogModuleManager: Shutting down and abandoning module Settings (86)
[2018.10.15-20.59.54:519][612]LogModuleManager: Shutting down and abandoning module PhysXCooking (84)
[2018.10.15-20.59.54:519][612]LogModuleManager: Shutting down and abandoning module SteamVR (82)
[2018.10.15-20.59.54:519][612]LogModuleManager: Shutting down and abandoning module OculusHMD (80)
[2018.10.15-20.59.54:519][612]LogModuleManager: Shutting down and abandoning module ExampleDeviceProfileSelector (78)
[2018.10.15-20.59.54:519][612]LogModuleManager: Shutting down and abandoning module LauncherChunkInstaller (76)
[2018.10.15-20.59.54:519][612]LogModuleManager: Shutting down and abandoning module OnlineBlueprintSupport (74)
[2018.10.15-20.59.54:519][612]LogModuleManager: Shutting down and abandoning module OnlineSubsystem (70)
[2018.10.15-20.59.54:520][612]LogModuleManager: Shutting down and abandoning module XMPP (65)
[2018.10.15-20.59.54:520][612]LogModuleManager: Shutting down and abandoning module WebSockets (64)
[2018.10.15-20.59.54:550][612]LogModuleManager: Shutting down and abandoning module HTTP (61)
[2018.10.15-20.59.54:550][612]LogHttp: Display: Http module shutting down, but needs to wait on 1 outstanding Http requests:
[2018.10.15-20.59.54:550][612]LogHttp: Display: 	verb=[POST] url=[https://datarouter.ol.epicgames.com/datarouter/api/v1/public/data?SessionID=%7B849ED200-4E53-2BEF-037E-348A899F56E0%7D&AppID=UEEditor.Rocket.Release&AppVersion=4.20.3-4369336%2B%2B%2BUE4%2BRelease-4.20&UserID=615672254ad5102c1bc51b8d1b117311%7Cfa1dc93f6b704c8d83a9104afea68a1b%7C72dd52b5-5a2f-440d-8629-9ba7bd7a5a21&AppEnvironment=datacollector-binary&UploadType=eteventstream] status=Processing
[2018.10.15-20.59.54:584][612]LogModuleManager: Shutting down and abandoning module SSL (60)
[2018.10.15-20.59.54:585][612]LogModuleManager: Shutting down and abandoning module MagicLeapEmulator (56)
[2018.10.15-20.59.54:585][612]LogModuleManager: Shutting down and abandoning module MagicLeapPrivileges (54)
[2018.10.15-20.59.54:585][612]LogModuleManager: Shutting down and abandoning module MagicLeapIdentity (52)
[2018.10.15-20.59.54:585][612]LogModuleManager: Shutting down and abandoning module MagicLeapHelperVulkan (50)
[2018.10.15-20.59.54:585][612]LogModuleManager: Shutting down and abandoning module MagicLeapHelperOpenGL (48)
[2018.10.15-20.59.54:585][612]LogModuleManager: Shutting down and abandoning module MagicLeapSecureStorage (46)
[2018.10.15-20.59.54:585][612]LogModuleManager: Shutting down and abandoning module MagicLeapGestures (44)
[2018.10.15-20.59.54:585][612]LogModuleManager: Shutting down and abandoning module MagicLeapEyeTracker (42)
[2018.10.15-20.59.54:585][612]LogModuleManager: Shutting down and abandoning module MagicLeapController (40)
[2018.10.15-20.59.54:585][612]LogSlate: Slate User Destroyed.  User Index 0, Is Virtual User: 0
[2018.10.15-20.59.54:585][612]LogModuleManager: Shutting down and abandoning module MagicLeap (38)
[2018.10.15-20.59.54:585][612]LogModuleManager: Shutting down and abandoning module AnimationModifiers (36)
[2018.10.15-20.59.54:585][612]LogModuleManager: Shutting down and abandoning module PropertyEditor (35)
[2018.10.15-20.59.54:585][612]LogModuleManager: Shutting down and abandoning module AudioEditor (32)
[2018.10.15-20.59.54:585][612]LogModuleManager: Shutting down and abandoning module TextureCompressor (30)
[2018.10.15-20.59.54:586][612]LogModuleManager: Shutting down and abandoning module ShaderCore (28)
[2018.10.15-20.59.54:586][612]LogModuleManager: Shutting down and abandoning module Landscape (26)
[2018.10.15-20.59.54:586][612]LogModuleManager: Shutting down and abandoning module SlateRHIRenderer (24)
[2018.10.15-20.59.54:586][612]LogModuleManager: Shutting down and abandoning module OpenGLDrv (22)
[2018.10.15-20.59.54:586][612]LogModuleManager: Shutting down and abandoning module D3D11RHI (20)
[2018.10.15-20.59.54:586][612]LogModuleManager: Shutting down and abandoning module AnimGraphRuntime (18)
[2018.10.15-20.59.54:586][612]LogModuleManager: Shutting down and abandoning module Renderer (16)
[2018.10.15-20.59.54:586][612]LogModuleManager: Shutting down and abandoning module Engine (14)
[2018.10.15-20.59.54:586][612]LogModuleManager: Shutting down and abandoning module CoreUObject (12)
[2018.10.15-20.59.54:586][612]LogModuleManager: Shutting down and abandoning module NetworkFile (10)
[2018.10.15-20.59.54:586][612]LogModuleManager: Shutting down and abandoning module CookedIterativeFile (8)
[2018.10.15-20.59.54:586][612]LogModuleManager: Shutting down and abandoning module StreamingFile (6)
[2018.10.15-20.59.54:586][612]LogModuleManager: Shutting down and abandoning module SandboxFile (4)
[2018.10.15-20.59.54:586][612]LogModuleManager: Shutting down and abandoning module PakFile (2)
[2018.10.15-20.59.54:594][612]LogExit: Exiting.
[2018.10.15-20.59.54:616][612]Log file closed, 10/15/18 21:59:54
